2017-08-06 20:07:03 [::1][-][-][error][yii\base\InvalidConfigException] exception 'yii\base\InvalidConfigException' with message 'The directory does not exist: /Applications/MAMP/htdocs/f_keeper.ru/api/web/assets' in /Applications/MAMP/htdocs/f_keeper.ru/vendor/yiisoft/yii2/web/AssetManager.php:213
Stack trace:
#0 /Applications/MAMP/htdocs/f_keeper.ru/vendor/yiisoft/yii2/base/Object.php(107): yii\web\AssetManager->init()
#1 [internal function]: yii\base\Object->__construct(Array)
#2 /Applications/MAMP/htdocs/f_keeper.ru/vendor/yiisoft/yii2/di/Container.php(381): ReflectionClass->newInstanceArgs(Array)
#3 /Applications/MAMP/htdocs/f_keeper.ru/vendor/yiisoft/yii2/di/Container.php(156): yii\di\Container->build('yii\\web\\AssetMa...', Array, Array)
#4 /Applications/MAMP/htdocs/f_keeper.ru/vendor/yiisoft/yii2/BaseYii.php(348): yii\di\Container->get('yii\\web\\AssetMa...', Array, Array)
#5 /Applications/MAMP/htdocs/f_keeper.ru/vendor/yiisoft/yii2/di/ServiceLocator.php(135): yii\BaseYii::createObject(Array)
#6 /Applications/MAMP/htdocs/f_keeper.ru/vendor/yiisoft/yii2/base/Application.php(605): yii\di\ServiceLocator->get('assetManager')
#7 /Applications/MAMP/htdocs/f_keeper.ru/vendor/yiisoft/yii2/web/View.php(225): yii\base\Application->getAssetManager()
#8 /Applications/MAMP/htdocs/f_keeper.ru/vendor/yiisoft/yii2/web/View.php(285): yii\web\View->getAssetManager()
#9 /Applications/MAMP/htdocs/f_keeper.ru/vendor/yiisoft/yii2/web/AssetBundle.php(125): yii\web\View->registerAssetBundle('nirvana\\showloa...')
#10 /Applications/MAMP/htdocs/f_keeper.ru/api/views/layouts/main.php(13): yii\web\AssetBundle::register(Object(yii\web\View))
#11 /Applications/MAMP/htdocs/f_keeper.ru/vendor/yiisoft/yii2/base/View.php(330): require('/Applications/M...')
#12 /Applications/MAMP/htdocs/f_keeper.ru/vendor/yiisoft/yii2/base/View.php(250): yii\base\View->renderPhpFile('/Applications/M...', Array)
#13 /Applications/MAMP/htdocs/f_keeper.ru/vendor/yiisoft/yii2/base/Controller.php(396): yii\base\View->renderFile('/Applications/M...', Array, Object(api\common\controllers\SiteController))
#14 /Applications/MAMP/htdocs/f_keeper.ru/vendor/yiisoft/yii2/base/Controller.php(382): yii\base\Controller->renderContent('This is API ind...')
#15 /Applications/MAMP/htdocs/f_keeper.ru/api/common/controllers/SiteController.php(76): yii\base\Controller->render('index')
#16 [internal function]: api\common\controllers\SiteController->actionIndex()
#17 /Applications/MAMP/htdocs/f_keeper.ru/vendor/yiisoft/yii2/base/InlineAction.php(57): call_user_func_array(Array, Array)
#18 /Applications/MAMP/htdocs/f_keeper.ru/vendor/yiisoft/yii2/base/Controller.php(156): yii\base\InlineAction->runWithParams(Array)
#19 /Applications/MAMP/htdocs/f_keeper.ru/vendor/yiisoft/yii2/base/Module.php(523): yii\base\Controller->runAction('index', Array)
#20 /Applications/MAMP/htdocs/f_keeper.ru/vendor/yiisoft/yii2/web/Application.php(102): yii\base\Module->runAction('site/index', Array)
#21 /Applications/MAMP/htdocs/f_keeper.ru/vendor/yiisoft/yii2/base/Application.php(380): yii\web\Application->handleRequest(Object(yii\web\Request))
#22 /Applications/MAMP/htdocs/f_keeper.ru/api/web/index.php(18): yii\base\Application->run()
#23 {main}
2017-08-06 20:07:03 [::1][-][-][info][application] $_SERVER = [
    'REDIRECT_STATUS' => '200'
    'HTTP_HOST' => 'localhost'
    'HTTP_CONNECTION' => 'keep-alive'
    'HTTP_UPGRADE_INSECURE_REQUESTS' => '1'
    'HTTP_USER_AGENT' => 'Mozilla/5.0 (Macintosh; Intel Mac OS X 10_12_6) AppleWebKit/537.36 (KHTML, like Gecko) Chrome/59.0.3071.115 Safari/537.36'
    'HTTP_ACCEPT' => 'text/html,application/xhtml+xml,application/xml;q=0.9,image/webp,image/apng,*/*;q=0.8'
    'HTTP_REFERER' => 'http://localhost/'
    'HTTP_ACCEPT_ENCODING' => 'gzip, deflate, br'
    'HTTP_ACCEPT_LANGUAGE' => 'ru-RU,ru;q=0.8,en-US;q=0.6,en;q=0.4'
    'PATH' => '/usr/bin:/bin:/usr/sbin:/sbin'
    'SERVER_SIGNATURE' => ''
    'SERVER_SOFTWARE' => 'Apache/2.2.29 (Unix) mod_wsgi/3.5 Python/2.7.10 PHP/5.6.10 mod_ssl/2.2.29 OpenSSL/0.9.8zh DAV/2 mod_fastcgi/2.4.6 mod_perl/2.0.9 Perl/v5.22.0'
    'SERVER_NAME' => 'localhost'
    'SERVER_ADDR' => '::1'
    'SERVER_PORT' => '80'
    'REMOTE_ADDR' => '::1'
    'DOCUMENT_ROOT' => '/Applications/MAMP/htdocs/'
    'SERVER_ADMIN' => 'you@example.com'
    'SCRIPT_FILENAME' => '/Applications/MAMP/htdocs/f_keeper.ru/api/web/index.php'
    'REMOTE_PORT' => '55397'
    'REDIRECT_URL' => '/f_keeper.ru/'
    'GATEWAY_INTERFACE' => 'CGI/1.1'
    'SERVER_PROTOCOL' => 'HTTP/1.1'
    'REQUEST_METHOD' => 'GET'
    'QUERY_STRING' => ''
    'REQUEST_URI' => '/f_keeper.ru/'
    'SCRIPT_NAME' => '/f_keeper.ru/api/web/index.php'
    'PATH_INFO' => '/'
    'PATH_TRANSLATED' => '/Applications/MAMP/htdocs/'
    'PHP_SELF' => '/f_keeper.ru/api/web/index.php/'
    'REQUEST_TIME_FLOAT' => 1502039223.35
    'REQUEST_TIME' => 1502039223
    'argv' => []
    'argc' => 0
]
2017-08-06 20:07:03 [::1][-][-][warning][yii\log\Dispatcher::dispatch] Unable to send log via yii\debug\LogTarget: Exception (Invalid Configuration) 'yii\base\InvalidConfigException' with message 'The directory does not exist: /Applications/MAMP/htdocs/f_keeper.ru/api/web/assets' 

in /Applications/MAMP/htdocs/f_keeper.ru/vendor/yiisoft/yii2/web/AssetManager.php:213

Stack trace:
#0 /Applications/MAMP/htdocs/f_keeper.ru/vendor/yiisoft/yii2/base/Object.php(107): yii\web\AssetManager->init()
#1 [internal function]: yii\base\Object->__construct(Array)
#2 /Applications/MAMP/htdocs/f_keeper.ru/vendor/yiisoft/yii2/di/Container.php(381): ReflectionClass->newInstanceArgs(Array)
#3 /Applications/MAMP/htdocs/f_keeper.ru/vendor/yiisoft/yii2/di/Container.php(156): yii\di\Container->build('yii\\web\\AssetMa...', Array, Array)
#4 /Applications/MAMP/htdocs/f_keeper.ru/vendor/yiisoft/yii2/BaseYii.php(348): yii\di\Container->get('yii\\web\\AssetMa...', Array, Array)
#5 /Applications/MAMP/htdocs/f_keeper.ru/vendor/yiisoft/yii2/di/ServiceLocator.php(135): yii\BaseYii::createObject(Array)
#6 /Applications/MAMP/htdocs/f_keeper.ru/vendor/yiisoft/yii2/base/Application.php(605): yii\di\ServiceLocator->get('assetManager')
#7 /Applications/MAMP/htdocs/f_keeper.ru/vendor/yiisoft/yii2/web/View.php(225): yii\base\Application->getAssetManager()
#8 /Applications/MAMP/htdocs/f_keeper.ru/vendor/yiisoft/yii2/base/Component.php(132): yii\web\View->getAssetManager()
#9 /Applications/MAMP/htdocs/f_keeper.ru/vendor/yiisoft/yii2-debug/panels/AssetPanel.php(53): yii\base\Component->__get('assetManager')
#10 /Applications/MAMP/htdocs/f_keeper.ru/vendor/yiisoft/yii2-debug/LogTarget.php(54): yii\debug\panels\AssetPanel->save()
#11 /Applications/MAMP/htdocs/f_keeper.ru/vendor/yiisoft/yii2-debug/LogTarget.php(118): yii\debug\LogTarget->export()
#12 /Applications/MAMP/htdocs/f_keeper.ru/vendor/yiisoft/yii2/log/Dispatcher.php(188): yii\debug\LogTarget->collect(Array, true)
#13 /Applications/MAMP/htdocs/f_keeper.ru/vendor/yiisoft/yii2/log/Logger.php(177): yii\log\Dispatcher->dispatch(Array, true)
#14 /Applications/MAMP/htdocs/f_keeper.ru/vendor/yiisoft/yii2/base/ErrorHandler.php(113): yii\log\Logger->flush(true)
#15 [internal function]: yii\base\ErrorHandler->handleException(Object(yii\base\InvalidConfigException))
#16 {main}
2017-08-06 20:07:03 [::1][-][-][info][application] $_SERVER = [
    'REDIRECT_STATUS' => '200'
    'HTTP_HOST' => 'localhost'
    'HTTP_CONNECTION' => 'keep-alive'
    'HTTP_UPGRADE_INSECURE_REQUESTS' => '1'
    'HTTP_USER_AGENT' => 'Mozilla/5.0 (Macintosh; Intel Mac OS X 10_12_6) AppleWebKit/537.36 (KHTML, like Gecko) Chrome/59.0.3071.115 Safari/537.36'
    'HTTP_ACCEPT' => 'text/html,application/xhtml+xml,application/xml;q=0.9,image/webp,image/apng,*/*;q=0.8'
    'HTTP_REFERER' => 'http://localhost/'
    'HTTP_ACCEPT_ENCODING' => 'gzip, deflate, br'
    'HTTP_ACCEPT_LANGUAGE' => 'ru-RU,ru;q=0.8,en-US;q=0.6,en;q=0.4'
    'PATH' => '/usr/bin:/bin:/usr/sbin:/sbin'
    'SERVER_SIGNATURE' => ''
    'SERVER_SOFTWARE' => 'Apache/2.2.29 (Unix) mod_wsgi/3.5 Python/2.7.10 PHP/5.6.10 mod_ssl/2.2.29 OpenSSL/0.9.8zh DAV/2 mod_fastcgi/2.4.6 mod_perl/2.0.9 Perl/v5.22.0'
    'SERVER_NAME' => 'localhost'
    'SERVER_ADDR' => '::1'
    'SERVER_PORT' => '80'
    'REMOTE_ADDR' => '::1'
    'DOCUMENT_ROOT' => '/Applications/MAMP/htdocs/'
    'SERVER_ADMIN' => 'you@example.com'
    'SCRIPT_FILENAME' => '/Applications/MAMP/htdocs/f_keeper.ru/api/web/index.php'
    'REMOTE_PORT' => '55397'
    'REDIRECT_URL' => '/f_keeper.ru/'
    'GATEWAY_INTERFACE' => 'CGI/1.1'
    'SERVER_PROTOCOL' => 'HTTP/1.1'
    'REQUEST_METHOD' => 'GET'
    'QUERY_STRING' => ''
    'REQUEST_URI' => '/f_keeper.ru/'
    'SCRIPT_NAME' => '/f_keeper.ru/api/web/index.php'
    'PATH_INFO' => '/'
    'PATH_TRANSLATED' => '/Applications/MAMP/htdocs/'
    'PHP_SELF' => '/f_keeper.ru/api/web/index.php/'
    'REQUEST_TIME_FLOAT' => 1502039223.35
    'REQUEST_TIME' => 1502039223
    'argv' => []
    'argc' => 0
]
2017-08-06 20:09:22 [::1][-][-][error][yii\base\InvalidConfigException] exception 'yii\base\InvalidConfigException' with message 'The directory does not exist: /Applications/MAMP/htdocs/f_keeper.ru/api/web/assets' in /Applications/MAMP/htdocs/f_keeper.ru/vendor/yiisoft/yii2/web/AssetManager.php:213
Stack trace:
#0 /Applications/MAMP/htdocs/f_keeper.ru/vendor/yiisoft/yii2/base/Object.php(107): yii\web\AssetManager->init()
#1 [internal function]: yii\base\Object->__construct(Array)
#2 /Applications/MAMP/htdocs/f_keeper.ru/vendor/yiisoft/yii2/di/Container.php(381): ReflectionClass->newInstanceArgs(Array)
#3 /Applications/MAMP/htdocs/f_keeper.ru/vendor/yiisoft/yii2/di/Container.php(156): yii\di\Container->build('yii\\web\\AssetMa...', Array, Array)
#4 /Applications/MAMP/htdocs/f_keeper.ru/vendor/yiisoft/yii2/BaseYii.php(348): yii\di\Container->get('yii\\web\\AssetMa...', Array, Array)
#5 /Applications/MAMP/htdocs/f_keeper.ru/vendor/yiisoft/yii2/di/ServiceLocator.php(135): yii\BaseYii::createObject(Array)
#6 /Applications/MAMP/htdocs/f_keeper.ru/vendor/yiisoft/yii2/base/Application.php(605): yii\di\ServiceLocator->get('assetManager')
#7 /Applications/MAMP/htdocs/f_keeper.ru/vendor/yiisoft/yii2/web/View.php(225): yii\base\Application->getAssetManager()
#8 /Applications/MAMP/htdocs/f_keeper.ru/vendor/yiisoft/yii2/web/View.php(285): yii\web\View->getAssetManager()
#9 /Applications/MAMP/htdocs/f_keeper.ru/vendor/yiisoft/yii2/web/AssetBundle.php(125): yii\web\View->registerAssetBundle('nirvana\\showloa...')
#10 /Applications/MAMP/htdocs/f_keeper.ru/api/views/layouts/main.php(13): yii\web\AssetBundle::register(Object(yii\web\View))
#11 /Applications/MAMP/htdocs/f_keeper.ru/vendor/yiisoft/yii2/base/View.php(330): require('/Applications/M...')
#12 /Applications/MAMP/htdocs/f_keeper.ru/vendor/yiisoft/yii2/base/View.php(250): yii\base\View->renderPhpFile('/Applications/M...', Array)
#13 /Applications/MAMP/htdocs/f_keeper.ru/vendor/yiisoft/yii2/base/Controller.php(396): yii\base\View->renderFile('/Applications/M...', Array, Object(api\common\controllers\SiteController))
#14 /Applications/MAMP/htdocs/f_keeper.ru/vendor/yiisoft/yii2/base/Controller.php(382): yii\base\Controller->renderContent('This is API ind...')
#15 /Applications/MAMP/htdocs/f_keeper.ru/api/common/controllers/SiteController.php(76): yii\base\Controller->render('index')
#16 [internal function]: api\common\controllers\SiteController->actionIndex()
#17 /Applications/MAMP/htdocs/f_keeper.ru/vendor/yiisoft/yii2/base/InlineAction.php(57): call_user_func_array(Array, Array)
#18 /Applications/MAMP/htdocs/f_keeper.ru/vendor/yiisoft/yii2/base/Controller.php(156): yii\base\InlineAction->runWithParams(Array)
#19 /Applications/MAMP/htdocs/f_keeper.ru/vendor/yiisoft/yii2/base/Module.php(523): yii\base\Controller->runAction('index', Array)
#20 /Applications/MAMP/htdocs/f_keeper.ru/vendor/yiisoft/yii2/web/Application.php(102): yii\base\Module->runAction('site/index', Array)
#21 /Applications/MAMP/htdocs/f_keeper.ru/vendor/yiisoft/yii2/base/Application.php(380): yii\web\Application->handleRequest(Object(yii\web\Request))
#22 /Applications/MAMP/htdocs/f_keeper.ru/api/web/index.php(18): yii\base\Application->run()
#23 {main}
2017-08-06 20:09:22 [::1][-][-][info][application] $_SERVER = [
    'REDIRECT_STATUS' => '200'
    'HTTP_HOST' => 'localhost'
    'HTTP_CONNECTION' => 'keep-alive'
    'HTTP_CACHE_CONTROL' => 'max-age=0'
    'HTTP_UPGRADE_INSECURE_REQUESTS' => '1'
    'HTTP_USER_AGENT' => 'Mozilla/5.0 (Macintosh; Intel Mac OS X 10_12_6) AppleWebKit/537.36 (KHTML, like Gecko) Chrome/59.0.3071.115 Safari/537.36'
    'HTTP_ACCEPT' => 'text/html,application/xhtml+xml,application/xml;q=0.9,image/webp,image/apng,*/*;q=0.8'
    'HTTP_REFERER' => 'http://localhost/'
    'HTTP_ACCEPT_ENCODING' => 'gzip, deflate, br'
    'HTTP_ACCEPT_LANGUAGE' => 'ru-RU,ru;q=0.8,en-US;q=0.6,en;q=0.4'
    'PATH' => '/usr/bin:/bin:/usr/sbin:/sbin'
    'SERVER_SIGNATURE' => ''
    'SERVER_SOFTWARE' => 'Apache/2.2.29 (Unix) mod_wsgi/3.5 Python/2.7.10 PHP/5.6.10 mod_ssl/2.2.29 OpenSSL/0.9.8zh DAV/2 mod_fastcgi/2.4.6 mod_perl/2.0.9 Perl/v5.22.0'
    'SERVER_NAME' => 'localhost'
    'SERVER_ADDR' => '::1'
    'SERVER_PORT' => '80'
    'REMOTE_ADDR' => '::1'
    'DOCUMENT_ROOT' => '/Applications/MAMP/htdocs/'
    'SERVER_ADMIN' => 'you@example.com'
    'SCRIPT_FILENAME' => '/Applications/MAMP/htdocs/f_keeper.ru/api/web/index.php'
    'REMOTE_PORT' => '55436'
    'REDIRECT_URL' => '/f_keeper.ru/'
    'GATEWAY_INTERFACE' => 'CGI/1.1'
    'SERVER_PROTOCOL' => 'HTTP/1.1'
    'REQUEST_METHOD' => 'GET'
    'QUERY_STRING' => ''
    'REQUEST_URI' => '/f_keeper.ru/'
    'SCRIPT_NAME' => '/f_keeper.ru/api/web/index.php'
    'PATH_INFO' => '/'
    'PATH_TRANSLATED' => '/Applications/MAMP/htdocs/'
    'PHP_SELF' => '/f_keeper.ru/api/web/index.php/'
    'REQUEST_TIME_FLOAT' => 1502039362.38
    'REQUEST_TIME' => 1502039362
    'argv' => []
    'argc' => 0
]
2017-08-06 20:09:22 [::1][-][-][warning][yii\log\Dispatcher::dispatch] Unable to send log via yii\debug\LogTarget: Exception (Invalid Configuration) 'yii\base\InvalidConfigException' with message 'The directory does not exist: /Applications/MAMP/htdocs/f_keeper.ru/api/web/assets' 

in /Applications/MAMP/htdocs/f_keeper.ru/vendor/yiisoft/yii2/web/AssetManager.php:213

Stack trace:
#0 /Applications/MAMP/htdocs/f_keeper.ru/vendor/yiisoft/yii2/base/Object.php(107): yii\web\AssetManager->init()
#1 [internal function]: yii\base\Object->__construct(Array)
#2 /Applications/MAMP/htdocs/f_keeper.ru/vendor/yiisoft/yii2/di/Container.php(381): ReflectionClass->newInstanceArgs(Array)
#3 /Applications/MAMP/htdocs/f_keeper.ru/vendor/yiisoft/yii2/di/Container.php(156): yii\di\Container->build('yii\\web\\AssetMa...', Array, Array)
#4 /Applications/MAMP/htdocs/f_keeper.ru/vendor/yiisoft/yii2/BaseYii.php(348): yii\di\Container->get('yii\\web\\AssetMa...', Array, Array)
#5 /Applications/MAMP/htdocs/f_keeper.ru/vendor/yiisoft/yii2/di/ServiceLocator.php(135): yii\BaseYii::createObject(Array)
#6 /Applications/MAMP/htdocs/f_keeper.ru/vendor/yiisoft/yii2/base/Application.php(605): yii\di\ServiceLocator->get('assetManager')
#7 /Applications/MAMP/htdocs/f_keeper.ru/vendor/yiisoft/yii2/web/View.php(225): yii\base\Application->getAssetManager()
#8 /Applications/MAMP/htdocs/f_keeper.ru/vendor/yiisoft/yii2/base/Component.php(132): yii\web\View->getAssetManager()
#9 /Applications/MAMP/htdocs/f_keeper.ru/vendor/yiisoft/yii2-debug/panels/AssetPanel.php(53): yii\base\Component->__get('assetManager')
#10 /Applications/MAMP/htdocs/f_keeper.ru/vendor/yiisoft/yii2-debug/LogTarget.php(54): yii\debug\panels\AssetPanel->save()
#11 /Applications/MAMP/htdocs/f_keeper.ru/vendor/yiisoft/yii2-debug/LogTarget.php(118): yii\debug\LogTarget->export()
#12 /Applications/MAMP/htdocs/f_keeper.ru/vendor/yiisoft/yii2/log/Dispatcher.php(188): yii\debug\LogTarget->collect(Array, true)
#13 /Applications/MAMP/htdocs/f_keeper.ru/vendor/yiisoft/yii2/log/Logger.php(177): yii\log\Dispatcher->dispatch(Array, true)
#14 /Applications/MAMP/htdocs/f_keeper.ru/vendor/yiisoft/yii2/base/ErrorHandler.php(113): yii\log\Logger->flush(true)
#15 [internal function]: yii\base\ErrorHandler->handleException(Object(yii\base\InvalidConfigException))
#16 {main}
2017-08-06 20:09:22 [::1][-][-][info][application] $_SERVER = [
    'REDIRECT_STATUS' => '200'
    'HTTP_HOST' => 'localhost'
    'HTTP_CONNECTION' => 'keep-alive'
    'HTTP_CACHE_CONTROL' => 'max-age=0'
    'HTTP_UPGRADE_INSECURE_REQUESTS' => '1'
    'HTTP_USER_AGENT' => 'Mozilla/5.0 (Macintosh; Intel Mac OS X 10_12_6) AppleWebKit/537.36 (KHTML, like Gecko) Chrome/59.0.3071.115 Safari/537.36'
    'HTTP_ACCEPT' => 'text/html,application/xhtml+xml,application/xml;q=0.9,image/webp,image/apng,*/*;q=0.8'
    'HTTP_REFERER' => 'http://localhost/'
    'HTTP_ACCEPT_ENCODING' => 'gzip, deflate, br'
    'HTTP_ACCEPT_LANGUAGE' => 'ru-RU,ru;q=0.8,en-US;q=0.6,en;q=0.4'
    'PATH' => '/usr/bin:/bin:/usr/sbin:/sbin'
    'SERVER_SIGNATURE' => ''
    'SERVER_SOFTWARE' => 'Apache/2.2.29 (Unix) mod_wsgi/3.5 Python/2.7.10 PHP/5.6.10 mod_ssl/2.2.29 OpenSSL/0.9.8zh DAV/2 mod_fastcgi/2.4.6 mod_perl/2.0.9 Perl/v5.22.0'
    'SERVER_NAME' => 'localhost'
    'SERVER_ADDR' => '::1'
    'SERVER_PORT' => '80'
    'REMOTE_ADDR' => '::1'
    'DOCUMENT_ROOT' => '/Applications/MAMP/htdocs/'
    'SERVER_ADMIN' => 'you@example.com'
    'SCRIPT_FILENAME' => '/Applications/MAMP/htdocs/f_keeper.ru/api/web/index.php'
    'REMOTE_PORT' => '55436'
    'REDIRECT_URL' => '/f_keeper.ru/'
    'GATEWAY_INTERFACE' => 'CGI/1.1'
    'SERVER_PROTOCOL' => 'HTTP/1.1'
    'REQUEST_METHOD' => 'GET'
    'QUERY_STRING' => ''
    'REQUEST_URI' => '/f_keeper.ru/'
    'SCRIPT_NAME' => '/f_keeper.ru/api/web/index.php'
    'PATH_INFO' => '/'
    'PATH_TRANSLATED' => '/Applications/MAMP/htdocs/'
    'PHP_SELF' => '/f_keeper.ru/api/web/index.php/'
    'REQUEST_TIME_FLOAT' => 1502039362.38
    'REQUEST_TIME' => 1502039362
    'argv' => []
    'argc' => 0
]
2017-08-06 20:14:04 [::1][-][-][error][yii\base\InvalidConfigException] exception 'yii\base\InvalidConfigException' with message 'The directory does not exist: /Applications/MAMP/htdocs/f_keeper.ru/api/web/assets' in /Applications/MAMP/htdocs/f_keeper.ru/vendor/yiisoft/yii2/web/AssetManager.php:213
Stack trace:
#0 /Applications/MAMP/htdocs/f_keeper.ru/vendor/yiisoft/yii2/base/Object.php(107): yii\web\AssetManager->init()
#1 [internal function]: yii\base\Object->__construct(Array)
#2 /Applications/MAMP/htdocs/f_keeper.ru/vendor/yiisoft/yii2/di/Container.php(381): ReflectionClass->newInstanceArgs(Array)
#3 /Applications/MAMP/htdocs/f_keeper.ru/vendor/yiisoft/yii2/di/Container.php(156): yii\di\Container->build('yii\\web\\AssetMa...', Array, Array)
#4 /Applications/MAMP/htdocs/f_keeper.ru/vendor/yiisoft/yii2/BaseYii.php(348): yii\di\Container->get('yii\\web\\AssetMa...', Array, Array)
#5 /Applications/MAMP/htdocs/f_keeper.ru/vendor/yiisoft/yii2/di/ServiceLocator.php(135): yii\BaseYii::createObject(Array)
#6 /Applications/MAMP/htdocs/f_keeper.ru/vendor/yiisoft/yii2/base/Application.php(605): yii\di\ServiceLocator->get('assetManager')
#7 /Applications/MAMP/htdocs/f_keeper.ru/vendor/yiisoft/yii2/web/View.php(225): yii\base\Application->getAssetManager()
#8 /Applications/MAMP/htdocs/f_keeper.ru/vendor/yiisoft/yii2/web/View.php(285): yii\web\View->getAssetManager()
#9 /Applications/MAMP/htdocs/f_keeper.ru/vendor/yiisoft/yii2/web/AssetBundle.php(125): yii\web\View->registerAssetBundle('nirvana\\showloa...')
#10 /Applications/MAMP/htdocs/f_keeper.ru/api/views/layouts/main.php(13): yii\web\AssetBundle::register(Object(yii\web\View))
#11 /Applications/MAMP/htdocs/f_keeper.ru/vendor/yiisoft/yii2/base/View.php(330): require('/Applications/M...')
#12 /Applications/MAMP/htdocs/f_keeper.ru/vendor/yiisoft/yii2/base/View.php(250): yii\base\View->renderPhpFile('/Applications/M...', Array)
#13 /Applications/MAMP/htdocs/f_keeper.ru/vendor/yiisoft/yii2/base/Controller.php(396): yii\base\View->renderFile('/Applications/M...', Array, Object(api\common\controllers\SiteController))
#14 /Applications/MAMP/htdocs/f_keeper.ru/vendor/yiisoft/yii2/base/Controller.php(382): yii\base\Controller->renderContent('This is API ind...')
#15 /Applications/MAMP/htdocs/f_keeper.ru/api/common/controllers/SiteController.php(76): yii\base\Controller->render('index')
#16 [internal function]: api\common\controllers\SiteController->actionIndex()
#17 /Applications/MAMP/htdocs/f_keeper.ru/vendor/yiisoft/yii2/base/InlineAction.php(57): call_user_func_array(Array, Array)
#18 /Applications/MAMP/htdocs/f_keeper.ru/vendor/yiisoft/yii2/base/Controller.php(156): yii\base\InlineAction->runWithParams(Array)
#19 /Applications/MAMP/htdocs/f_keeper.ru/vendor/yiisoft/yii2/base/Module.php(523): yii\base\Controller->runAction('index', Array)
#20 /Applications/MAMP/htdocs/f_keeper.ru/vendor/yiisoft/yii2/web/Application.php(102): yii\base\Module->runAction('site/index', Array)
#21 /Applications/MAMP/htdocs/f_keeper.ru/vendor/yiisoft/yii2/base/Application.php(380): yii\web\Application->handleRequest(Object(yii\web\Request))
#22 /Applications/MAMP/htdocs/f_keeper.ru/api/web/index.php(18): yii\base\Application->run()
#23 {main}
2017-08-06 20:14:04 [::1][-][-][info][application] $_SERVER = [
    'REDIRECT_STATUS' => '200'
    'HTTP_HOST' => 'localhost'
    'HTTP_CONNECTION' => 'keep-alive'
    'HTTP_CACHE_CONTROL' => 'max-age=0'
    'HTTP_UPGRADE_INSECURE_REQUESTS' => '1'
    'HTTP_USER_AGENT' => 'Mozilla/5.0 (Macintosh; Intel Mac OS X 10_12_6) AppleWebKit/537.36 (KHTML, like Gecko) Chrome/59.0.3071.115 Safari/537.36'
    'HTTP_ACCEPT' => 'text/html,application/xhtml+xml,application/xml;q=0.9,image/webp,image/apng,*/*;q=0.8'
    'HTTP_REFERER' => 'http://localhost/'
    'HTTP_ACCEPT_ENCODING' => 'gzip, deflate, br'
    'HTTP_ACCEPT_LANGUAGE' => 'ru-RU,ru;q=0.8,en-US;q=0.6,en;q=0.4'
    'PATH' => '/usr/bin:/bin:/usr/sbin:/sbin'
    'SERVER_SIGNATURE' => ''
    'SERVER_SOFTWARE' => 'Apache/2.2.29 (Unix) mod_wsgi/3.5 Python/2.7.10 PHP/5.6.10 mod_ssl/2.2.29 OpenSSL/0.9.8zh DAV/2 mod_fastcgi/2.4.6 mod_perl/2.0.9 Perl/v5.22.0'
    'SERVER_NAME' => 'localhost'
    'SERVER_ADDR' => '::1'
    'SERVER_PORT' => '80'
    'REMOTE_ADDR' => '::1'
    'DOCUMENT_ROOT' => '/Applications/MAMP/htdocs/'
    'SERVER_ADMIN' => 'you@example.com'
    'SCRIPT_FILENAME' => '/Applications/MAMP/htdocs/f_keeper.ru/api/web/index.php'
    'REMOTE_PORT' => '55810'
    'REDIRECT_URL' => '/f_keeper.ru/'
    'GATEWAY_INTERFACE' => 'CGI/1.1'
    'SERVER_PROTOCOL' => 'HTTP/1.1'
    'REQUEST_METHOD' => 'GET'
    'QUERY_STRING' => ''
    'REQUEST_URI' => '/f_keeper.ru/'
    'SCRIPT_NAME' => '/f_keeper.ru/api/web/index.php'
    'PATH_INFO' => '/'
    'PATH_TRANSLATED' => '/Applications/MAMP/htdocs/'
    'PHP_SELF' => '/f_keeper.ru/api/web/index.php/'
    'REQUEST_TIME_FLOAT' => 1502039644.52
    'REQUEST_TIME' => 1502039644
    'argv' => []
    'argc' => 0
]
2017-08-06 20:14:04 [::1][-][-][warning][yii\log\Dispatcher::dispatch] Unable to send log via yii\debug\LogTarget: Exception (Invalid Configuration) 'yii\base\InvalidConfigException' with message 'The directory does not exist: /Applications/MAMP/htdocs/f_keeper.ru/api/web/assets' 

in /Applications/MAMP/htdocs/f_keeper.ru/vendor/yiisoft/yii2/web/AssetManager.php:213

Stack trace:
#0 /Applications/MAMP/htdocs/f_keeper.ru/vendor/yiisoft/yii2/base/Object.php(107): yii\web\AssetManager->init()
#1 [internal function]: yii\base\Object->__construct(Array)
#2 /Applications/MAMP/htdocs/f_keeper.ru/vendor/yiisoft/yii2/di/Container.php(381): ReflectionClass->newInstanceArgs(Array)
#3 /Applications/MAMP/htdocs/f_keeper.ru/vendor/yiisoft/yii2/di/Container.php(156): yii\di\Container->build('yii\\web\\AssetMa...', Array, Array)
#4 /Applications/MAMP/htdocs/f_keeper.ru/vendor/yiisoft/yii2/BaseYii.php(348): yii\di\Container->get('yii\\web\\AssetMa...', Array, Array)
#5 /Applications/MAMP/htdocs/f_keeper.ru/vendor/yiisoft/yii2/di/ServiceLocator.php(135): yii\BaseYii::createObject(Array)
#6 /Applications/MAMP/htdocs/f_keeper.ru/vendor/yiisoft/yii2/base/Application.php(605): yii\di\ServiceLocator->get('assetManager')
#7 /Applications/MAMP/htdocs/f_keeper.ru/vendor/yiisoft/yii2/web/View.php(225): yii\base\Application->getAssetManager()
#8 /Applications/MAMP/htdocs/f_keeper.ru/vendor/yiisoft/yii2/base/Component.php(132): yii\web\View->getAssetManager()
#9 /Applications/MAMP/htdocs/f_keeper.ru/vendor/yiisoft/yii2-debug/panels/AssetPanel.php(53): yii\base\Component->__get('assetManager')
#10 /Applications/MAMP/htdocs/f_keeper.ru/vendor/yiisoft/yii2-debug/LogTarget.php(54): yii\debug\panels\AssetPanel->save()
#11 /Applications/MAMP/htdocs/f_keeper.ru/vendor/yiisoft/yii2-debug/LogTarget.php(118): yii\debug\LogTarget->export()
#12 /Applications/MAMP/htdocs/f_keeper.ru/vendor/yiisoft/yii2/log/Dispatcher.php(188): yii\debug\LogTarget->collect(Array, true)
#13 /Applications/MAMP/htdocs/f_keeper.ru/vendor/yiisoft/yii2/log/Logger.php(177): yii\log\Dispatcher->dispatch(Array, true)
#14 /Applications/MAMP/htdocs/f_keeper.ru/vendor/yiisoft/yii2/base/ErrorHandler.php(113): yii\log\Logger->flush(true)
#15 [internal function]: yii\base\ErrorHandler->handleException(Object(yii\base\InvalidConfigException))
#16 {main}
2017-08-06 20:14:04 [::1][-][-][info][application] $_SERVER = [
    'REDIRECT_STATUS' => '200'
    'HTTP_HOST' => 'localhost'
    'HTTP_CONNECTION' => 'keep-alive'
    'HTTP_CACHE_CONTROL' => 'max-age=0'
    'HTTP_UPGRADE_INSECURE_REQUESTS' => '1'
    'HTTP_USER_AGENT' => 'Mozilla/5.0 (Macintosh; Intel Mac OS X 10_12_6) AppleWebKit/537.36 (KHTML, like Gecko) Chrome/59.0.3071.115 Safari/537.36'
    'HTTP_ACCEPT' => 'text/html,application/xhtml+xml,application/xml;q=0.9,image/webp,image/apng,*/*;q=0.8'
    'HTTP_REFERER' => 'http://localhost/'
    'HTTP_ACCEPT_ENCODING' => 'gzip, deflate, br'
    'HTTP_ACCEPT_LANGUAGE' => 'ru-RU,ru;q=0.8,en-US;q=0.6,en;q=0.4'
    'PATH' => '/usr/bin:/bin:/usr/sbin:/sbin'
    'SERVER_SIGNATURE' => ''
    'SERVER_SOFTWARE' => 'Apache/2.2.29 (Unix) mod_wsgi/3.5 Python/2.7.10 PHP/5.6.10 mod_ssl/2.2.29 OpenSSL/0.9.8zh DAV/2 mod_fastcgi/2.4.6 mod_perl/2.0.9 Perl/v5.22.0'
    'SERVER_NAME' => 'localhost'
    'SERVER_ADDR' => '::1'
    'SERVER_PORT' => '80'
    'REMOTE_ADDR' => '::1'
    'DOCUMENT_ROOT' => '/Applications/MAMP/htdocs/'
    'SERVER_ADMIN' => 'you@example.com'
    'SCRIPT_FILENAME' => '/Applications/MAMP/htdocs/f_keeper.ru/api/web/index.php'
    'REMOTE_PORT' => '55810'
    'REDIRECT_URL' => '/f_keeper.ru/'
    'GATEWAY_INTERFACE' => 'CGI/1.1'
    'SERVER_PROTOCOL' => 'HTTP/1.1'
    'REQUEST_METHOD' => 'GET'
    'QUERY_STRING' => ''
    'REQUEST_URI' => '/f_keeper.ru/'
    'SCRIPT_NAME' => '/f_keeper.ru/api/web/index.php'
    'PATH_INFO' => '/'
    'PATH_TRANSLATED' => '/Applications/MAMP/htdocs/'
    'PHP_SELF' => '/f_keeper.ru/api/web/index.php/'
    'REQUEST_TIME_FLOAT' => 1502039644.52
    'REQUEST_TIME' => 1502039644
    'argv' => []
    'argc' => 0
]
2017-08-06 20:14:23 [::1][-][-][error][yii\base\InvalidConfigException] exception 'yii\base\InvalidConfigException' with message 'The directory does not exist: /Applications/MAMP/htdocs/f_keeper.ru/api/web/assets' in /Applications/MAMP/htdocs/f_keeper.ru/vendor/yiisoft/yii2/web/AssetManager.php:213
Stack trace:
#0 /Applications/MAMP/htdocs/f_keeper.ru/vendor/yiisoft/yii2/base/Object.php(107): yii\web\AssetManager->init()
#1 [internal function]: yii\base\Object->__construct(Array)
#2 /Applications/MAMP/htdocs/f_keeper.ru/vendor/yiisoft/yii2/di/Container.php(381): ReflectionClass->newInstanceArgs(Array)
#3 /Applications/MAMP/htdocs/f_keeper.ru/vendor/yiisoft/yii2/di/Container.php(156): yii\di\Container->build('yii\\web\\AssetMa...', Array, Array)
#4 /Applications/MAMP/htdocs/f_keeper.ru/vendor/yiisoft/yii2/BaseYii.php(348): yii\di\Container->get('yii\\web\\AssetMa...', Array, Array)
#5 /Applications/MAMP/htdocs/f_keeper.ru/vendor/yiisoft/yii2/di/ServiceLocator.php(135): yii\BaseYii::createObject(Array)
#6 /Applications/MAMP/htdocs/f_keeper.ru/vendor/yiisoft/yii2/base/Application.php(605): yii\di\ServiceLocator->get('assetManager')
#7 /Applications/MAMP/htdocs/f_keeper.ru/vendor/yiisoft/yii2/web/View.php(225): yii\base\Application->getAssetManager()
#8 /Applications/MAMP/htdocs/f_keeper.ru/vendor/yiisoft/yii2/web/View.php(285): yii\web\View->getAssetManager()
#9 /Applications/MAMP/htdocs/f_keeper.ru/vendor/yiisoft/yii2/web/AssetBundle.php(125): yii\web\View->registerAssetBundle('nirvana\\showloa...')
#10 /Applications/MAMP/htdocs/f_keeper.ru/api/views/layouts/main.php(13): yii\web\AssetBundle::register(Object(yii\web\View))
#11 /Applications/MAMP/htdocs/f_keeper.ru/vendor/yiisoft/yii2/base/View.php(330): require('/Applications/M...')
#12 /Applications/MAMP/htdocs/f_keeper.ru/vendor/yiisoft/yii2/base/View.php(250): yii\base\View->renderPhpFile('/Applications/M...', Array)
#13 /Applications/MAMP/htdocs/f_keeper.ru/vendor/yiisoft/yii2/base/Controller.php(396): yii\base\View->renderFile('/Applications/M...', Array, Object(api\common\controllers\SiteController))
#14 /Applications/MAMP/htdocs/f_keeper.ru/vendor/yiisoft/yii2/base/Controller.php(382): yii\base\Controller->renderContent('This is API ind...')
#15 /Applications/MAMP/htdocs/f_keeper.ru/api/common/controllers/SiteController.php(76): yii\base\Controller->render('index')
#16 [internal function]: api\common\controllers\SiteController->actionIndex()
#17 /Applications/MAMP/htdocs/f_keeper.ru/vendor/yiisoft/yii2/base/InlineAction.php(57): call_user_func_array(Array, Array)
#18 /Applications/MAMP/htdocs/f_keeper.ru/vendor/yiisoft/yii2/base/Controller.php(156): yii\base\InlineAction->runWithParams(Array)
#19 /Applications/MAMP/htdocs/f_keeper.ru/vendor/yiisoft/yii2/base/Module.php(523): yii\base\Controller->runAction('index', Array)
#20 /Applications/MAMP/htdocs/f_keeper.ru/vendor/yiisoft/yii2/web/Application.php(102): yii\base\Module->runAction('site/index', Array)
#21 /Applications/MAMP/htdocs/f_keeper.ru/vendor/yiisoft/yii2/base/Application.php(380): yii\web\Application->handleRequest(Object(yii\web\Request))
#22 /Applications/MAMP/htdocs/f_keeper.ru/api/web/index.php(18): yii\base\Application->run()
#23 {main}
2017-08-06 20:14:23 [::1][-][-][info][application] $_SERVER = [
    'REDIRECT_STATUS' => '200'
    'HTTP_HOST' => 'localhost'
    'HTTP_CONNECTION' => 'keep-alive'
    'HTTP_CACHE_CONTROL' => 'max-age=0'
    'HTTP_UPGRADE_INSECURE_REQUESTS' => '1'
    'HTTP_USER_AGENT' => 'Mozilla/5.0 (Macintosh; Intel Mac OS X 10_12_6) AppleWebKit/537.36 (KHTML, like Gecko) Chrome/59.0.3071.115 Safari/537.36'
    'HTTP_ACCEPT' => 'text/html,application/xhtml+xml,application/xml;q=0.9,image/webp,image/apng,*/*;q=0.8'
    'HTTP_REFERER' => 'http://localhost/'
    'HTTP_ACCEPT_ENCODING' => 'gzip, deflate, br'
    'HTTP_ACCEPT_LANGUAGE' => 'ru-RU,ru;q=0.8,en-US;q=0.6,en;q=0.4'
    'PATH' => '/usr/bin:/bin:/usr/sbin:/sbin'
    'SERVER_SIGNATURE' => ''
    'SERVER_SOFTWARE' => 'Apache/2.2.29 (Unix) mod_wsgi/3.5 Python/2.7.10 PHP/5.6.10 mod_ssl/2.2.29 OpenSSL/0.9.8zh DAV/2 mod_fastcgi/2.4.6 mod_perl/2.0.9 Perl/v5.22.0'
    'SERVER_NAME' => 'localhost'
    'SERVER_ADDR' => '::1'
    'SERVER_PORT' => '80'
    'REMOTE_ADDR' => '::1'
    'DOCUMENT_ROOT' => '/Applications/MAMP/htdocs/'
    'SERVER_ADMIN' => 'you@example.com'
    'SCRIPT_FILENAME' => '/Applications/MAMP/htdocs/f_keeper.ru/api/web/index.php'
    'REMOTE_PORT' => '55821'
    'REDIRECT_URL' => '/f_keeper.ru/'
    'GATEWAY_INTERFACE' => 'CGI/1.1'
    'SERVER_PROTOCOL' => 'HTTP/1.1'
    'REQUEST_METHOD' => 'GET'
    'QUERY_STRING' => ''
    'REQUEST_URI' => '/f_keeper.ru/'
    'SCRIPT_NAME' => '/f_keeper.ru/api/web/index.php'
    'PATH_INFO' => '/'
    'PATH_TRANSLATED' => '/Applications/MAMP/htdocs/'
    'PHP_SELF' => '/f_keeper.ru/api/web/index.php/'
    'REQUEST_TIME_FLOAT' => 1502039663.85
    'REQUEST_TIME' => 1502039663
    'argv' => []
    'argc' => 0
]
2017-08-06 20:14:24 [::1][-][-][warning][yii\log\Dispatcher::dispatch] Unable to send log via yii\debug\LogTarget: Exception (Invalid Configuration) 'yii\base\InvalidConfigException' with message 'The directory does not exist: /Applications/MAMP/htdocs/f_keeper.ru/api/web/assets' 

in /Applications/MAMP/htdocs/f_keeper.ru/vendor/yiisoft/yii2/web/AssetManager.php:213

Stack trace:
#0 /Applications/MAMP/htdocs/f_keeper.ru/vendor/yiisoft/yii2/base/Object.php(107): yii\web\AssetManager->init()
#1 [internal function]: yii\base\Object->__construct(Array)
#2 /Applications/MAMP/htdocs/f_keeper.ru/vendor/yiisoft/yii2/di/Container.php(381): ReflectionClass->newInstanceArgs(Array)
#3 /Applications/MAMP/htdocs/f_keeper.ru/vendor/yiisoft/yii2/di/Container.php(156): yii\di\Container->build('yii\\web\\AssetMa...', Array, Array)
#4 /Applications/MAMP/htdocs/f_keeper.ru/vendor/yiisoft/yii2/BaseYii.php(348): yii\di\Container->get('yii\\web\\AssetMa...', Array, Array)
#5 /Applications/MAMP/htdocs/f_keeper.ru/vendor/yiisoft/yii2/di/ServiceLocator.php(135): yii\BaseYii::createObject(Array)
#6 /Applications/MAMP/htdocs/f_keeper.ru/vendor/yiisoft/yii2/base/Application.php(605): yii\di\ServiceLocator->get('assetManager')
#7 /Applications/MAMP/htdocs/f_keeper.ru/vendor/yiisoft/yii2/web/View.php(225): yii\base\Application->getAssetManager()
#8 /Applications/MAMP/htdocs/f_keeper.ru/vendor/yiisoft/yii2/base/Component.php(132): yii\web\View->getAssetManager()
#9 /Applications/MAMP/htdocs/f_keeper.ru/vendor/yiisoft/yii2-debug/panels/AssetPanel.php(53): yii\base\Component->__get('assetManager')
#10 /Applications/MAMP/htdocs/f_keeper.ru/vendor/yiisoft/yii2-debug/LogTarget.php(54): yii\debug\panels\AssetPanel->save()
#11 /Applications/MAMP/htdocs/f_keeper.ru/vendor/yiisoft/yii2-debug/LogTarget.php(118): yii\debug\LogTarget->export()
#12 /Applications/MAMP/htdocs/f_keeper.ru/vendor/yiisoft/yii2/log/Dispatcher.php(188): yii\debug\LogTarget->collect(Array, true)
#13 /Applications/MAMP/htdocs/f_keeper.ru/vendor/yiisoft/yii2/log/Logger.php(177): yii\log\Dispatcher->dispatch(Array, true)
#14 /Applications/MAMP/htdocs/f_keeper.ru/vendor/yiisoft/yii2/base/ErrorHandler.php(113): yii\log\Logger->flush(true)
#15 [internal function]: yii\base\ErrorHandler->handleException(Object(yii\base\InvalidConfigException))
#16 {main}
2017-08-06 20:14:23 [::1][-][-][info][application] $_SERVER = [
    'REDIRECT_STATUS' => '200'
    'HTTP_HOST' => 'localhost'
    'HTTP_CONNECTION' => 'keep-alive'
    'HTTP_CACHE_CONTROL' => 'max-age=0'
    'HTTP_UPGRADE_INSECURE_REQUESTS' => '1'
    'HTTP_USER_AGENT' => 'Mozilla/5.0 (Macintosh; Intel Mac OS X 10_12_6) AppleWebKit/537.36 (KHTML, like Gecko) Chrome/59.0.3071.115 Safari/537.36'
    'HTTP_ACCEPT' => 'text/html,application/xhtml+xml,application/xml;q=0.9,image/webp,image/apng,*/*;q=0.8'
    'HTTP_REFERER' => 'http://localhost/'
    'HTTP_ACCEPT_ENCODING' => 'gzip, deflate, br'
    'HTTP_ACCEPT_LANGUAGE' => 'ru-RU,ru;q=0.8,en-US;q=0.6,en;q=0.4'
    'PATH' => '/usr/bin:/bin:/usr/sbin:/sbin'
    'SERVER_SIGNATURE' => ''
    'SERVER_SOFTWARE' => 'Apache/2.2.29 (Unix) mod_wsgi/3.5 Python/2.7.10 PHP/5.6.10 mod_ssl/2.2.29 OpenSSL/0.9.8zh DAV/2 mod_fastcgi/2.4.6 mod_perl/2.0.9 Perl/v5.22.0'
    'SERVER_NAME' => 'localhost'
    'SERVER_ADDR' => '::1'
    'SERVER_PORT' => '80'
    'REMOTE_ADDR' => '::1'
    'DOCUMENT_ROOT' => '/Applications/MAMP/htdocs/'
    'SERVER_ADMIN' => 'you@example.com'
    'SCRIPT_FILENAME' => '/Applications/MAMP/htdocs/f_keeper.ru/api/web/index.php'
    'REMOTE_PORT' => '55821'
    'REDIRECT_URL' => '/f_keeper.ru/'
    'GATEWAY_INTERFACE' => 'CGI/1.1'
    'SERVER_PROTOCOL' => 'HTTP/1.1'
    'REQUEST_METHOD' => 'GET'
    'QUERY_STRING' => ''
    'REQUEST_URI' => '/f_keeper.ru/'
    'SCRIPT_NAME' => '/f_keeper.ru/api/web/index.php'
    'PATH_INFO' => '/'
    'PATH_TRANSLATED' => '/Applications/MAMP/htdocs/'
    'PHP_SELF' => '/f_keeper.ru/api/web/index.php/'
    'REQUEST_TIME_FLOAT' => 1502039663.85
    'REQUEST_TIME' => 1502039663
    'argv' => []
    'argc' => 0
]
2017-08-06 20:17:34 [::1][-][-][error][yii\base\InvalidConfigException] exception 'yii\base\InvalidConfigException' with message 'The directory does not exist: /Applications/MAMP/htdocs/f_keeper.ru/api/web/assets' in /Applications/MAMP/htdocs/f_keeper.ru/vendor/yiisoft/yii2/web/AssetManager.php:213
Stack trace:
#0 /Applications/MAMP/htdocs/f_keeper.ru/vendor/yiisoft/yii2/base/Object.php(107): yii\web\AssetManager->init()
#1 [internal function]: yii\base\Object->__construct(Array)
#2 /Applications/MAMP/htdocs/f_keeper.ru/vendor/yiisoft/yii2/di/Container.php(381): ReflectionClass->newInstanceArgs(Array)
#3 /Applications/MAMP/htdocs/f_keeper.ru/vendor/yiisoft/yii2/di/Container.php(156): yii\di\Container->build('yii\\web\\AssetMa...', Array, Array)
#4 /Applications/MAMP/htdocs/f_keeper.ru/vendor/yiisoft/yii2/BaseYii.php(348): yii\di\Container->get('yii\\web\\AssetMa...', Array, Array)
#5 /Applications/MAMP/htdocs/f_keeper.ru/vendor/yiisoft/yii2/di/ServiceLocator.php(135): yii\BaseYii::createObject(Array)
#6 /Applications/MAMP/htdocs/f_keeper.ru/vendor/yiisoft/yii2/base/Application.php(605): yii\di\ServiceLocator->get('assetManager')
#7 /Applications/MAMP/htdocs/f_keeper.ru/vendor/yiisoft/yii2/web/View.php(225): yii\base\Application->getAssetManager()
#8 /Applications/MAMP/htdocs/f_keeper.ru/vendor/yiisoft/yii2/web/View.php(285): yii\web\View->getAssetManager()
#9 /Applications/MAMP/htdocs/f_keeper.ru/vendor/yiisoft/yii2/web/AssetBundle.php(125): yii\web\View->registerAssetBundle('nirvana\\showloa...')
#10 /Applications/MAMP/htdocs/f_keeper.ru/api/views/layouts/main.php(13): yii\web\AssetBundle::register(Object(yii\web\View))
#11 /Applications/MAMP/htdocs/f_keeper.ru/vendor/yiisoft/yii2/base/View.php(330): require('/Applications/M...')
#12 /Applications/MAMP/htdocs/f_keeper.ru/vendor/yiisoft/yii2/base/View.php(250): yii\base\View->renderPhpFile('/Applications/M...', Array)
#13 /Applications/MAMP/htdocs/f_keeper.ru/vendor/yiisoft/yii2/base/Controller.php(396): yii\base\View->renderFile('/Applications/M...', Array, Object(api\common\controllers\SiteController))
#14 /Applications/MAMP/htdocs/f_keeper.ru/vendor/yiisoft/yii2/base/Controller.php(382): yii\base\Controller->renderContent('This is API ind...')
#15 /Applications/MAMP/htdocs/f_keeper.ru/api/common/controllers/SiteController.php(76): yii\base\Controller->render('index')
#16 [internal function]: api\common\controllers\SiteController->actionIndex()
#17 /Applications/MAMP/htdocs/f_keeper.ru/vendor/yiisoft/yii2/base/InlineAction.php(57): call_user_func_array(Array, Array)
#18 /Applications/MAMP/htdocs/f_keeper.ru/vendor/yiisoft/yii2/base/Controller.php(156): yii\base\InlineAction->runWithParams(Array)
#19 /Applications/MAMP/htdocs/f_keeper.ru/vendor/yiisoft/yii2/base/Module.php(523): yii\base\Controller->runAction('index', Array)
#20 /Applications/MAMP/htdocs/f_keeper.ru/vendor/yiisoft/yii2/web/Application.php(102): yii\base\Module->runAction('site/index', Array)
#21 /Applications/MAMP/htdocs/f_keeper.ru/vendor/yiisoft/yii2/base/Application.php(380): yii\web\Application->handleRequest(Object(yii\web\Request))
#22 /Applications/MAMP/htdocs/f_keeper.ru/api/web/index.php(18): yii\base\Application->run()
#23 {main}
2017-08-06 20:17:34 [::1][-][-][info][application] $_SERVER = [
    'REDIRECT_STATUS' => '200'
    'HTTP_HOST' => 'localhost'
    'HTTP_CONNECTION' => 'keep-alive'
    'HTTP_CACHE_CONTROL' => 'max-age=0'
    'HTTP_UPGRADE_INSECURE_REQUESTS' => '1'
    'HTTP_USER_AGENT' => 'Mozilla/5.0 (Macintosh; Intel Mac OS X 10_12_6) AppleWebKit/537.36 (KHTML, like Gecko) Chrome/59.0.3071.115 Safari/537.36'
    'HTTP_ACCEPT' => 'text/html,application/xhtml+xml,application/xml;q=0.9,image/webp,image/apng,*/*;q=0.8'
    'HTTP_REFERER' => 'http://localhost/'
    'HTTP_ACCEPT_ENCODING' => 'gzip, deflate, br'
    'HTTP_ACCEPT_LANGUAGE' => 'ru-RU,ru;q=0.8,en-US;q=0.6,en;q=0.4'
    'PATH' => '/usr/bin:/bin:/usr/sbin:/sbin'
    'SERVER_SIGNATURE' => ''
    'SERVER_SOFTWARE' => 'Apache/2.2.29 (Unix) mod_wsgi/3.5 Python/2.7.10 PHP/5.6.10 mod_ssl/2.2.29 OpenSSL/0.9.8zh DAV/2 mod_fastcgi/2.4.6 mod_perl/2.0.9 Perl/v5.22.0'
    'SERVER_NAME' => 'localhost'
    'SERVER_ADDR' => '::1'
    'SERVER_PORT' => '80'
    'REMOTE_ADDR' => '::1'
    'DOCUMENT_ROOT' => '/Applications/MAMP/htdocs/'
    'SERVER_ADMIN' => 'you@example.com'
    'SCRIPT_FILENAME' => '/Applications/MAMP/htdocs/f_keeper.ru/api/web/index.php'
    'REMOTE_PORT' => '55845'
    'REDIRECT_URL' => '/f_keeper.ru/'
    'GATEWAY_INTERFACE' => 'CGI/1.1'
    'SERVER_PROTOCOL' => 'HTTP/1.1'
    'REQUEST_METHOD' => 'GET'
    'QUERY_STRING' => ''
    'REQUEST_URI' => '/f_keeper.ru/'
    'SCRIPT_NAME' => '/f_keeper.ru/api/web/index.php'
    'PATH_INFO' => '/'
    'PATH_TRANSLATED' => '/Applications/MAMP/htdocs/'
    'PHP_SELF' => '/f_keeper.ru/api/web/index.php/'
    'REQUEST_TIME_FLOAT' => 1502039854.75
    'REQUEST_TIME' => 1502039854
    'argv' => []
    'argc' => 0
]
2017-08-06 20:17:34 [::1][-][-][warning][yii\log\Dispatcher::dispatch] Unable to send log via yii\debug\LogTarget: Exception (Invalid Configuration) 'yii\base\InvalidConfigException' with message 'The directory does not exist: /Applications/MAMP/htdocs/f_keeper.ru/api/web/assets' 

in /Applications/MAMP/htdocs/f_keeper.ru/vendor/yiisoft/yii2/web/AssetManager.php:213

Stack trace:
#0 /Applications/MAMP/htdocs/f_keeper.ru/vendor/yiisoft/yii2/base/Object.php(107): yii\web\AssetManager->init()
#1 [internal function]: yii\base\Object->__construct(Array)
#2 /Applications/MAMP/htdocs/f_keeper.ru/vendor/yiisoft/yii2/di/Container.php(381): ReflectionClass->newInstanceArgs(Array)
#3 /Applications/MAMP/htdocs/f_keeper.ru/vendor/yiisoft/yii2/di/Container.php(156): yii\di\Container->build('yii\\web\\AssetMa...', Array, Array)
#4 /Applications/MAMP/htdocs/f_keeper.ru/vendor/yiisoft/yii2/BaseYii.php(348): yii\di\Container->get('yii\\web\\AssetMa...', Array, Array)
#5 /Applications/MAMP/htdocs/f_keeper.ru/vendor/yiisoft/yii2/di/ServiceLocator.php(135): yii\BaseYii::createObject(Array)
#6 /Applications/MAMP/htdocs/f_keeper.ru/vendor/yiisoft/yii2/base/Application.php(605): yii\di\ServiceLocator->get('assetManager')
#7 /Applications/MAMP/htdocs/f_keeper.ru/vendor/yiisoft/yii2/web/View.php(225): yii\base\Application->getAssetManager()
#8 /Applications/MAMP/htdocs/f_keeper.ru/vendor/yiisoft/yii2/base/Component.php(132): yii\web\View->getAssetManager()
#9 /Applications/MAMP/htdocs/f_keeper.ru/vendor/yiisoft/yii2-debug/panels/AssetPanel.php(53): yii\base\Component->__get('assetManager')
#10 /Applications/MAMP/htdocs/f_keeper.ru/vendor/yiisoft/yii2-debug/LogTarget.php(54): yii\debug\panels\AssetPanel->save()
#11 /Applications/MAMP/htdocs/f_keeper.ru/vendor/yiisoft/yii2-debug/LogTarget.php(118): yii\debug\LogTarget->export()
#12 /Applications/MAMP/htdocs/f_keeper.ru/vendor/yiisoft/yii2/log/Dispatcher.php(188): yii\debug\LogTarget->collect(Array, true)
#13 /Applications/MAMP/htdocs/f_keeper.ru/vendor/yiisoft/yii2/log/Logger.php(177): yii\log\Dispatcher->dispatch(Array, true)
#14 /Applications/MAMP/htdocs/f_keeper.ru/vendor/yiisoft/yii2/base/ErrorHandler.php(113): yii\log\Logger->flush(true)
#15 [internal function]: yii\base\ErrorHandler->handleException(Object(yii\base\InvalidConfigException))
#16 {main}
2017-08-06 20:17:34 [::1][-][-][info][application] $_SERVER = [
    'REDIRECT_STATUS' => '200'
    'HTTP_HOST' => 'localhost'
    'HTTP_CONNECTION' => 'keep-alive'
    'HTTP_CACHE_CONTROL' => 'max-age=0'
    'HTTP_UPGRADE_INSECURE_REQUESTS' => '1'
    'HTTP_USER_AGENT' => 'Mozilla/5.0 (Macintosh; Intel Mac OS X 10_12_6) AppleWebKit/537.36 (KHTML, like Gecko) Chrome/59.0.3071.115 Safari/537.36'
    'HTTP_ACCEPT' => 'text/html,application/xhtml+xml,application/xml;q=0.9,image/webp,image/apng,*/*;q=0.8'
    'HTTP_REFERER' => 'http://localhost/'
    'HTTP_ACCEPT_ENCODING' => 'gzip, deflate, br'
    'HTTP_ACCEPT_LANGUAGE' => 'ru-RU,ru;q=0.8,en-US;q=0.6,en;q=0.4'
    'PATH' => '/usr/bin:/bin:/usr/sbin:/sbin'
    'SERVER_SIGNATURE' => ''
    'SERVER_SOFTWARE' => 'Apache/2.2.29 (Unix) mod_wsgi/3.5 Python/2.7.10 PHP/5.6.10 mod_ssl/2.2.29 OpenSSL/0.9.8zh DAV/2 mod_fastcgi/2.4.6 mod_perl/2.0.9 Perl/v5.22.0'
    'SERVER_NAME' => 'localhost'
    'SERVER_ADDR' => '::1'
    'SERVER_PORT' => '80'
    'REMOTE_ADDR' => '::1'
    'DOCUMENT_ROOT' => '/Applications/MAMP/htdocs/'
    'SERVER_ADMIN' => 'you@example.com'
    'SCRIPT_FILENAME' => '/Applications/MAMP/htdocs/f_keeper.ru/api/web/index.php'
    'REMOTE_PORT' => '55845'
    'REDIRECT_URL' => '/f_keeper.ru/'
    'GATEWAY_INTERFACE' => 'CGI/1.1'
    'SERVER_PROTOCOL' => 'HTTP/1.1'
    'REQUEST_METHOD' => 'GET'
    'QUERY_STRING' => ''
    'REQUEST_URI' => '/f_keeper.ru/'
    'SCRIPT_NAME' => '/f_keeper.ru/api/web/index.php'
    'PATH_INFO' => '/'
    'PATH_TRANSLATED' => '/Applications/MAMP/htdocs/'
    'PHP_SELF' => '/f_keeper.ru/api/web/index.php/'
    'REQUEST_TIME_FLOAT' => 1502039854.75
    'REQUEST_TIME' => 1502039854
    'argv' => []
    'argc' => 0
]
2017-08-06 20:17:36 [::1][-][-][error][yii\base\InvalidConfigException] exception 'yii\base\InvalidConfigException' with message 'The directory does not exist: /Applications/MAMP/htdocs/f_keeper.ru/api/web/assets' in /Applications/MAMP/htdocs/f_keeper.ru/vendor/yiisoft/yii2/web/AssetManager.php:213
Stack trace:
#0 /Applications/MAMP/htdocs/f_keeper.ru/vendor/yiisoft/yii2/base/Object.php(107): yii\web\AssetManager->init()
#1 [internal function]: yii\base\Object->__construct(Array)
#2 /Applications/MAMP/htdocs/f_keeper.ru/vendor/yiisoft/yii2/di/Container.php(381): ReflectionClass->newInstanceArgs(Array)
#3 /Applications/MAMP/htdocs/f_keeper.ru/vendor/yiisoft/yii2/di/Container.php(156): yii\di\Container->build('yii\\web\\AssetMa...', Array, Array)
#4 /Applications/MAMP/htdocs/f_keeper.ru/vendor/yiisoft/yii2/BaseYii.php(348): yii\di\Container->get('yii\\web\\AssetMa...', Array, Array)
#5 /Applications/MAMP/htdocs/f_keeper.ru/vendor/yiisoft/yii2/di/ServiceLocator.php(135): yii\BaseYii::createObject(Array)
#6 /Applications/MAMP/htdocs/f_keeper.ru/vendor/yiisoft/yii2/base/Application.php(605): yii\di\ServiceLocator->get('assetManager')
#7 /Applications/MAMP/htdocs/f_keeper.ru/vendor/yiisoft/yii2/web/View.php(225): yii\base\Application->getAssetManager()
#8 /Applications/MAMP/htdocs/f_keeper.ru/vendor/yiisoft/yii2/web/View.php(285): yii\web\View->getAssetManager()
#9 /Applications/MAMP/htdocs/f_keeper.ru/vendor/yiisoft/yii2/web/AssetBundle.php(125): yii\web\View->registerAssetBundle('nirvana\\showloa...')
#10 /Applications/MAMP/htdocs/f_keeper.ru/api/views/layouts/main.php(13): yii\web\AssetBundle::register(Object(yii\web\View))
#11 /Applications/MAMP/htdocs/f_keeper.ru/vendor/yiisoft/yii2/base/View.php(330): require('/Applications/M...')
#12 /Applications/MAMP/htdocs/f_keeper.ru/vendor/yiisoft/yii2/base/View.php(250): yii\base\View->renderPhpFile('/Applications/M...', Array)
#13 /Applications/MAMP/htdocs/f_keeper.ru/vendor/yiisoft/yii2/base/Controller.php(396): yii\base\View->renderFile('/Applications/M...', Array, Object(api\common\controllers\SiteController))
#14 /Applications/MAMP/htdocs/f_keeper.ru/vendor/yiisoft/yii2/base/Controller.php(382): yii\base\Controller->renderContent('This is API ind...')
#15 /Applications/MAMP/htdocs/f_keeper.ru/api/common/controllers/SiteController.php(76): yii\base\Controller->render('index')
#16 [internal function]: api\common\controllers\SiteController->actionIndex()
#17 /Applications/MAMP/htdocs/f_keeper.ru/vendor/yiisoft/yii2/base/InlineAction.php(57): call_user_func_array(Array, Array)
#18 /Applications/MAMP/htdocs/f_keeper.ru/vendor/yiisoft/yii2/base/Controller.php(156): yii\base\InlineAction->runWithParams(Array)
#19 /Applications/MAMP/htdocs/f_keeper.ru/vendor/yiisoft/yii2/base/Module.php(523): yii\base\Controller->runAction('index', Array)
#20 /Applications/MAMP/htdocs/f_keeper.ru/vendor/yiisoft/yii2/web/Application.php(102): yii\base\Module->runAction('site/index', Array)
#21 /Applications/MAMP/htdocs/f_keeper.ru/vendor/yiisoft/yii2/base/Application.php(380): yii\web\Application->handleRequest(Object(yii\web\Request))
#22 /Applications/MAMP/htdocs/f_keeper.ru/api/web/index.php(18): yii\base\Application->run()
#23 {main}
2017-08-06 20:17:36 [::1][-][-][info][application] $_SERVER = [
    'REDIRECT_STATUS' => '200'
    'HTTP_HOST' => 'localhost'
    'HTTP_CONNECTION' => 'keep-alive'
    'HTTP_CACHE_CONTROL' => 'max-age=0'
    'HTTP_UPGRADE_INSECURE_REQUESTS' => '1'
    'HTTP_USER_AGENT' => 'Mozilla/5.0 (Macintosh; Intel Mac OS X 10_12_6) AppleWebKit/537.36 (KHTML, like Gecko) Chrome/59.0.3071.115 Safari/537.36'
    'HTTP_ACCEPT' => 'text/html,application/xhtml+xml,application/xml;q=0.9,image/webp,image/apng,*/*;q=0.8'
    'HTTP_REFERER' => 'http://localhost/'
    'HTTP_ACCEPT_ENCODING' => 'gzip, deflate, br'
    'HTTP_ACCEPT_LANGUAGE' => 'ru-RU,ru;q=0.8,en-US;q=0.6,en;q=0.4'
    'PATH' => '/usr/bin:/bin:/usr/sbin:/sbin'
    'SERVER_SIGNATURE' => ''
    'SERVER_SOFTWARE' => 'Apache/2.2.29 (Unix) mod_wsgi/3.5 Python/2.7.10 PHP/5.6.10 mod_ssl/2.2.29 OpenSSL/0.9.8zh DAV/2 mod_fastcgi/2.4.6 mod_perl/2.0.9 Perl/v5.22.0'
    'SERVER_NAME' => 'localhost'
    'SERVER_ADDR' => '::1'
    'SERVER_PORT' => '80'
    'REMOTE_ADDR' => '::1'
    'DOCUMENT_ROOT' => '/Applications/MAMP/htdocs/'
    'SERVER_ADMIN' => 'you@example.com'
    'SCRIPT_FILENAME' => '/Applications/MAMP/htdocs/f_keeper.ru/api/web/index.php'
    'REMOTE_PORT' => '55847'
    'REDIRECT_URL' => '/f_keeper.ru/'
    'GATEWAY_INTERFACE' => 'CGI/1.1'
    'SERVER_PROTOCOL' => 'HTTP/1.1'
    'REQUEST_METHOD' => 'GET'
    'QUERY_STRING' => ''
    'REQUEST_URI' => '/f_keeper.ru/'
    'SCRIPT_NAME' => '/f_keeper.ru/api/web/index.php'
    'PATH_INFO' => '/'
    'PATH_TRANSLATED' => '/Applications/MAMP/htdocs/'
    'PHP_SELF' => '/f_keeper.ru/api/web/index.php/'
    'REQUEST_TIME_FLOAT' => 1502039856.14
    'REQUEST_TIME' => 1502039856
    'argv' => []
    'argc' => 0
]
2017-08-06 20:17:36 [::1][-][-][warning][yii\log\Dispatcher::dispatch] Unable to send log via yii\debug\LogTarget: Exception (Invalid Configuration) 'yii\base\InvalidConfigException' with message 'The directory does not exist: /Applications/MAMP/htdocs/f_keeper.ru/api/web/assets' 

in /Applications/MAMP/htdocs/f_keeper.ru/vendor/yiisoft/yii2/web/AssetManager.php:213

Stack trace:
#0 /Applications/MAMP/htdocs/f_keeper.ru/vendor/yiisoft/yii2/base/Object.php(107): yii\web\AssetManager->init()
#1 [internal function]: yii\base\Object->__construct(Array)
#2 /Applications/MAMP/htdocs/f_keeper.ru/vendor/yiisoft/yii2/di/Container.php(381): ReflectionClass->newInstanceArgs(Array)
#3 /Applications/MAMP/htdocs/f_keeper.ru/vendor/yiisoft/yii2/di/Container.php(156): yii\di\Container->build('yii\\web\\AssetMa...', Array, Array)
#4 /Applications/MAMP/htdocs/f_keeper.ru/vendor/yiisoft/yii2/BaseYii.php(348): yii\di\Container->get('yii\\web\\AssetMa...', Array, Array)
#5 /Applications/MAMP/htdocs/f_keeper.ru/vendor/yiisoft/yii2/di/ServiceLocator.php(135): yii\BaseYii::createObject(Array)
#6 /Applications/MAMP/htdocs/f_keeper.ru/vendor/yiisoft/yii2/base/Application.php(605): yii\di\ServiceLocator->get('assetManager')
#7 /Applications/MAMP/htdocs/f_keeper.ru/vendor/yiisoft/yii2/web/View.php(225): yii\base\Application->getAssetManager()
#8 /Applications/MAMP/htdocs/f_keeper.ru/vendor/yiisoft/yii2/base/Component.php(132): yii\web\View->getAssetManager()
#9 /Applications/MAMP/htdocs/f_keeper.ru/vendor/yiisoft/yii2-debug/panels/AssetPanel.php(53): yii\base\Component->__get('assetManager')
#10 /Applications/MAMP/htdocs/f_keeper.ru/vendor/yiisoft/yii2-debug/LogTarget.php(54): yii\debug\panels\AssetPanel->save()
#11 /Applications/MAMP/htdocs/f_keeper.ru/vendor/yiisoft/yii2-debug/LogTarget.php(118): yii\debug\LogTarget->export()
#12 /Applications/MAMP/htdocs/f_keeper.ru/vendor/yiisoft/yii2/log/Dispatcher.php(188): yii\debug\LogTarget->collect(Array, true)
#13 /Applications/MAMP/htdocs/f_keeper.ru/vendor/yiisoft/yii2/log/Logger.php(177): yii\log\Dispatcher->dispatch(Array, true)
#14 /Applications/MAMP/htdocs/f_keeper.ru/vendor/yiisoft/yii2/base/ErrorHandler.php(113): yii\log\Logger->flush(true)
#15 [internal function]: yii\base\ErrorHandler->handleException(Object(yii\base\InvalidConfigException))
#16 {main}
2017-08-06 20:17:36 [::1][-][-][info][application] $_SERVER = [
    'REDIRECT_STATUS' => '200'
    'HTTP_HOST' => 'localhost'
    'HTTP_CONNECTION' => 'keep-alive'
    'HTTP_CACHE_CONTROL' => 'max-age=0'
    'HTTP_UPGRADE_INSECURE_REQUESTS' => '1'
    'HTTP_USER_AGENT' => 'Mozilla/5.0 (Macintosh; Intel Mac OS X 10_12_6) AppleWebKit/537.36 (KHTML, like Gecko) Chrome/59.0.3071.115 Safari/537.36'
    'HTTP_ACCEPT' => 'text/html,application/xhtml+xml,application/xml;q=0.9,image/webp,image/apng,*/*;q=0.8'
    'HTTP_REFERER' => 'http://localhost/'
    'HTTP_ACCEPT_ENCODING' => 'gzip, deflate, br'
    'HTTP_ACCEPT_LANGUAGE' => 'ru-RU,ru;q=0.8,en-US;q=0.6,en;q=0.4'
    'PATH' => '/usr/bin:/bin:/usr/sbin:/sbin'
    'SERVER_SIGNATURE' => ''
    'SERVER_SOFTWARE' => 'Apache/2.2.29 (Unix) mod_wsgi/3.5 Python/2.7.10 PHP/5.6.10 mod_ssl/2.2.29 OpenSSL/0.9.8zh DAV/2 mod_fastcgi/2.4.6 mod_perl/2.0.9 Perl/v5.22.0'
    'SERVER_NAME' => 'localhost'
    'SERVER_ADDR' => '::1'
    'SERVER_PORT' => '80'
    'REMOTE_ADDR' => '::1'
    'DOCUMENT_ROOT' => '/Applications/MAMP/htdocs/'
    'SERVER_ADMIN' => 'you@example.com'
    'SCRIPT_FILENAME' => '/Applications/MAMP/htdocs/f_keeper.ru/api/web/index.php'
    'REMOTE_PORT' => '55847'
    'REDIRECT_URL' => '/f_keeper.ru/'
    'GATEWAY_INTERFACE' => 'CGI/1.1'
    'SERVER_PROTOCOL' => 'HTTP/1.1'
    'REQUEST_METHOD' => 'GET'
    'QUERY_STRING' => ''
    'REQUEST_URI' => '/f_keeper.ru/'
    'SCRIPT_NAME' => '/f_keeper.ru/api/web/index.php'
    'PATH_INFO' => '/'
    'PATH_TRANSLATED' => '/Applications/MAMP/htdocs/'
    'PHP_SELF' => '/f_keeper.ru/api/web/index.php/'
    'REQUEST_TIME_FLOAT' => 1502039856.14
    'REQUEST_TIME' => 1502039856
    'argv' => []
    'argc' => 0
]
2017-08-06 20:18:40 [::1][-][-][error][yii\web\HttpException:404] exception 'yii\base\InvalidRouteException' with message 'Unable to resolve the request "css/site.css".' in /Applications/MAMP/htdocs/f_keeper.ru/vendor/yiisoft/yii2/base/Module.php:532
Stack trace:
#0 /Applications/MAMP/htdocs/f_keeper.ru/vendor/yiisoft/yii2/web/Application.php(102): yii\base\Module->runAction('css/site.css', Array)
#1 /Applications/MAMP/htdocs/f_keeper.ru/vendor/yiisoft/yii2/base/Application.php(380): yii\web\Application->handleRequest(Object(yii\web\Request))
#2 /Applications/MAMP/htdocs/f_keeper.ru/api/web/index.php(18): yii\base\Application->run()
#3 {main}

Next exception 'yii\web\NotFoundHttpException' with message '  .' in /Applications/MAMP/htdocs/f_keeper.ru/vendor/yiisoft/yii2/web/Application.php:114
Stack trace:
#0 /Applications/MAMP/htdocs/f_keeper.ru/vendor/yiisoft/yii2/base/Application.php(380): yii\web\Application->handleRequest(Object(yii\web\Request))
#1 /Applications/MAMP/htdocs/f_keeper.ru/api/web/index.php(18): yii\base\Application->run()
#2 {main}
2017-08-06 20:18:40 [::1][-][-][info][application] $_COOKIE = [
    '_csrf-api' => 'b64184a09f4121991926a235f479ebadba66987c6a37e185205537ae6ed1b53da:2:{i:0;s:9:\"_csrf-api\";i:1;s:32:\"Eb-`wz\\.Oo@\";}'
]

$_SERVER = [
    'REDIRECT_STATUS' => '200'
    'HTTP_HOST' => 'localhost'
    'HTTP_CONNECTION' => 'keep-alive'
    'HTTP_USER_AGENT' => 'Mozilla/5.0 (Macintosh; Intel Mac OS X 10_12_6) AppleWebKit/537.36 (KHTML, like Gecko) Chrome/59.0.3071.115 Safari/537.36'
    'HTTP_ACCEPT' => 'text/css,*/*;q=0.1'
    'HTTP_REFERER' => 'http://localhost/f_keeper.ru/'
    'HTTP_ACCEPT_ENCODING' => 'gzip, deflate, br'
    'HTTP_ACCEPT_LANGUAGE' => 'ru-RU,ru;q=0.8,en-US;q=0.6,en;q=0.4'
    'HTTP_COOKIE' => '_csrf-api=b64184a09f4121991926a235f479ebadba66987c6a37e185205537ae6ed1b53da%3A2%3A%7Bi%3A0%3Bs%3A9%3A%22_csrf-api%22%3Bi%3A1%3Bs%3A32%3A%22%FFE%08%94b%1E%B7%F3%CC-%60%02%A0%DA%8Cwz%BE%94%F2%5C%A7.%F8O%C5%CD%B6%07%1Ao%40%22%3B%7D'
    'PATH' => '/usr/bin:/bin:/usr/sbin:/sbin'
    'SERVER_SIGNATURE' => ''
    'SERVER_SOFTWARE' => 'Apache/2.2.29 (Unix) mod_wsgi/3.5 Python/2.7.10 PHP/5.6.10 mod_ssl/2.2.29 OpenSSL/0.9.8zh DAV/2 mod_fastcgi/2.4.6 mod_perl/2.0.9 Perl/v5.22.0'
    'SERVER_NAME' => 'localhost'
    'SERVER_ADDR' => '::1'
    'SERVER_PORT' => '80'
    'REMOTE_ADDR' => '::1'
    'DOCUMENT_ROOT' => '/Applications/MAMP/htdocs/'
    'SERVER_ADMIN' => 'you@example.com'
    'SCRIPT_FILENAME' => '/Applications/MAMP/htdocs/f_keeper.ru/api/web/index.php'
    'REMOTE_PORT' => '55871'
    'REDIRECT_URL' => '/f_keeper.ru/api/web/css/site.css'
    'GATEWAY_INTERFACE' => 'CGI/1.1'
    'SERVER_PROTOCOL' => 'HTTP/1.1'
    'REQUEST_METHOD' => 'GET'
    'QUERY_STRING' => ''
    'REQUEST_URI' => '/f_keeper.ru/api/web/css/site.css'
    'SCRIPT_NAME' => '/f_keeper.ru/api/web/index.php'
    'PHP_SELF' => '/f_keeper.ru/api/web/index.php'
    'REQUEST_TIME_FLOAT' => 1502039920.1
    'REQUEST_TIME' => 1502039920
    'argv' => []
    'argc' => 0
]
2017-08-06 20:18:44 [::1][-][-][error][yii\web\HttpException:404] exception 'yii\base\InvalidRouteException' with message 'Unable to resolve the request "css/site.css".' in /Applications/MAMP/htdocs/f_keeper.ru/vendor/yiisoft/yii2/base/Module.php:532
Stack trace:
#0 /Applications/MAMP/htdocs/f_keeper.ru/vendor/yiisoft/yii2/web/Application.php(102): yii\base\Module->runAction('css/site.css', Array)
#1 /Applications/MAMP/htdocs/f_keeper.ru/vendor/yiisoft/yii2/base/Application.php(380): yii\web\Application->handleRequest(Object(yii\web\Request))
#2 /Applications/MAMP/htdocs/f_keeper.ru/api/web/index.php(18): yii\base\Application->run()
#3 {main}

Next exception 'yii\web\NotFoundHttpException' with message '  .' in /Applications/MAMP/htdocs/f_keeper.ru/vendor/yiisoft/yii2/web/Application.php:114
Stack trace:
#0 /Applications/MAMP/htdocs/f_keeper.ru/vendor/yiisoft/yii2/base/Application.php(380): yii\web\Application->handleRequest(Object(yii\web\Request))
#1 /Applications/MAMP/htdocs/f_keeper.ru/api/web/index.php(18): yii\base\Application->run()
#2 {main}
2017-08-06 20:18:44 [::1][-][-][info][application] $_COOKIE = [
    '_csrf-api' => 'b64184a09f4121991926a235f479ebadba66987c6a37e185205537ae6ed1b53da:2:{i:0;s:9:\"_csrf-api\";i:1;s:32:\"Eb-`wz\\.Oo@\";}'
]

$_SERVER = [
    'REDIRECT_STATUS' => '200'
    'HTTP_HOST' => 'localhost'
    'HTTP_CONNECTION' => 'keep-alive'
    'HTTP_USER_AGENT' => 'Mozilla/5.0 (Macintosh; Intel Mac OS X 10_12_6) AppleWebKit/537.36 (KHTML, like Gecko) Chrome/59.0.3071.115 Safari/537.36'
    'HTTP_ACCEPT' => 'text/css,*/*;q=0.1'
    'HTTP_REFERER' => 'http://localhost/f_keeper.ru/api/web/'
    'HTTP_ACCEPT_ENCODING' => 'gzip, deflate, br'
    'HTTP_ACCEPT_LANGUAGE' => 'ru-RU,ru;q=0.8,en-US;q=0.6,en;q=0.4'
    'HTTP_COOKIE' => '_csrf-api=b64184a09f4121991926a235f479ebadba66987c6a37e185205537ae6ed1b53da%3A2%3A%7Bi%3A0%3Bs%3A9%3A%22_csrf-api%22%3Bi%3A1%3Bs%3A32%3A%22%FFE%08%94b%1E%B7%F3%CC-%60%02%A0%DA%8Cwz%BE%94%F2%5C%A7.%F8O%C5%CD%B6%07%1Ao%40%22%3B%7D'
    'PATH' => '/usr/bin:/bin:/usr/sbin:/sbin'
    'SERVER_SIGNATURE' => ''
    'SERVER_SOFTWARE' => 'Apache/2.2.29 (Unix) mod_wsgi/3.5 Python/2.7.10 PHP/5.6.10 mod_ssl/2.2.29 OpenSSL/0.9.8zh DAV/2 mod_fastcgi/2.4.6 mod_perl/2.0.9 Perl/v5.22.0'
    'SERVER_NAME' => 'localhost'
    'SERVER_ADDR' => '::1'
    'SERVER_PORT' => '80'
    'REMOTE_ADDR' => '::1'
    'DOCUMENT_ROOT' => '/Applications/MAMP/htdocs/'
    'SERVER_ADMIN' => 'you@example.com'
    'SCRIPT_FILENAME' => '/Applications/MAMP/htdocs/f_keeper.ru/api/web/index.php'
    'REMOTE_PORT' => '55863'
    'REDIRECT_URL' => '/f_keeper.ru/api/web/css/site.css'
    'GATEWAY_INTERFACE' => 'CGI/1.1'
    'SERVER_PROTOCOL' => 'HTTP/1.1'
    'REQUEST_METHOD' => 'GET'
    'QUERY_STRING' => ''
    'REQUEST_URI' => '/f_keeper.ru/api/web/css/site.css'
    'SCRIPT_NAME' => '/f_keeper.ru/api/web/index.php'
    'PHP_SELF' => '/f_keeper.ru/api/web/index.php'
    'REQUEST_TIME_FLOAT' => 1502039924.42
    'REQUEST_TIME' => 1502039924
    'argv' => []
    'argc' => 0
]
2017-08-06 20:19:44 [::1][-][-][error][yii\web\HttpException:404] exception 'yii\base\InvalidRouteException' with message 'Unable to resolve the request "css/site.css".' in /Applications/MAMP/htdocs/f_keeper.ru/vendor/yiisoft/yii2/base/Module.php:532
Stack trace:
#0 /Applications/MAMP/htdocs/f_keeper.ru/vendor/yiisoft/yii2/web/Application.php(102): yii\base\Module->runAction('css/site.css', Array)
#1 /Applications/MAMP/htdocs/f_keeper.ru/vendor/yiisoft/yii2/base/Application.php(380): yii\web\Application->handleRequest(Object(yii\web\Request))
#2 /Applications/MAMP/htdocs/f_keeper.ru/api/web/index.php(18): yii\base\Application->run()
#3 {main}

Next exception 'yii\web\NotFoundHttpException' with message '  .' in /Applications/MAMP/htdocs/f_keeper.ru/vendor/yiisoft/yii2/web/Application.php:114
Stack trace:
#0 /Applications/MAMP/htdocs/f_keeper.ru/vendor/yiisoft/yii2/base/Application.php(380): yii\web\Application->handleRequest(Object(yii\web\Request))
#1 /Applications/MAMP/htdocs/f_keeper.ru/api/web/index.php(18): yii\base\Application->run()
#2 {main}
2017-08-06 20:19:44 [::1][-][-][info][application] $_COOKIE = [
    '_csrf-api' => 'b64184a09f4121991926a235f479ebadba66987c6a37e185205537ae6ed1b53da:2:{i:0;s:9:\"_csrf-api\";i:1;s:32:\"Eb-`wz\\.Oo@\";}'
]

$_SERVER = [
    'REDIRECT_STATUS' => '200'
    'HTTP_HOST' => 'localhost'
    'HTTP_CONNECTION' => 'keep-alive'
    'HTTP_USER_AGENT' => 'Mozilla/5.0 (Macintosh; Intel Mac OS X 10_12_6) AppleWebKit/537.36 (KHTML, like Gecko) Chrome/59.0.3071.115 Safari/537.36'
    'HTTP_ACCEPT' => 'text/css,*/*;q=0.1'
    'HTTP_REFERER' => 'http://localhost/f_keeper.ru/'
    'HTTP_ACCEPT_ENCODING' => 'gzip, deflate, br'
    'HTTP_ACCEPT_LANGUAGE' => 'ru-RU,ru;q=0.8,en-US;q=0.6,en;q=0.4'
    'HTTP_COOKIE' => '_csrf-api=b64184a09f4121991926a235f479ebadba66987c6a37e185205537ae6ed1b53da%3A2%3A%7Bi%3A0%3Bs%3A9%3A%22_csrf-api%22%3Bi%3A1%3Bs%3A32%3A%22%FFE%08%94b%1E%B7%F3%CC-%60%02%A0%DA%8Cwz%BE%94%F2%5C%A7.%F8O%C5%CD%B6%07%1Ao%40%22%3B%7D'
    'PATH' => '/usr/bin:/bin:/usr/sbin:/sbin'
    'SERVER_SIGNATURE' => ''
    'SERVER_SOFTWARE' => 'Apache/2.2.29 (Unix) mod_wsgi/3.5 Python/2.7.10 PHP/5.6.10 mod_ssl/2.2.29 OpenSSL/0.9.8zh DAV/2 mod_fastcgi/2.4.6 mod_perl/2.0.9 Perl/v5.22.0'
    'SERVER_NAME' => 'localhost'
    'SERVER_ADDR' => '::1'
    'SERVER_PORT' => '80'
    'REMOTE_ADDR' => '::1'
    'DOCUMENT_ROOT' => '/Applications/MAMP/htdocs/'
    'SERVER_ADMIN' => 'you@example.com'
    'SCRIPT_FILENAME' => '/Applications/MAMP/htdocs/f_keeper.ru/api/web/index.php'
    'REMOTE_PORT' => '55912'
    'REDIRECT_URL' => '/f_keeper.ru/api/web/css/site.css'
    'GATEWAY_INTERFACE' => 'CGI/1.1'
    'SERVER_PROTOCOL' => 'HTTP/1.1'
    'REQUEST_METHOD' => 'GET'
    'QUERY_STRING' => ''
    'REQUEST_URI' => '/f_keeper.ru/api/web/css/site.css'
    'SCRIPT_NAME' => '/f_keeper.ru/api/web/index.php'
    'PHP_SELF' => '/f_keeper.ru/api/web/index.php'
    'REQUEST_TIME_FLOAT' => 1502039984.47
    'REQUEST_TIME' => 1502039984
    'argv' => []
    'argc' => 0
]
2017-08-06 20:26:39 [::1][-][-][error][yii\web\HttpException:404] exception 'yii\base\InvalidRouteException' with message 'Unable to resolve the request "css/site.css".' in /Applications/MAMP/htdocs/f_keeper.ru/vendor/yiisoft/yii2/base/Module.php:532
Stack trace:
#0 /Applications/MAMP/htdocs/f_keeper.ru/vendor/yiisoft/yii2/web/Application.php(102): yii\base\Module->runAction('css/site.css', Array)
#1 /Applications/MAMP/htdocs/f_keeper.ru/vendor/yiisoft/yii2/base/Application.php(380): yii\web\Application->handleRequest(Object(yii\web\Request))
#2 /Applications/MAMP/htdocs/f_keeper.ru/api/web/index.php(18): yii\base\Application->run()
#3 {main}

Next exception 'yii\web\NotFoundHttpException' with message '  .' in /Applications/MAMP/htdocs/f_keeper.ru/vendor/yiisoft/yii2/web/Application.php:114
Stack trace:
#0 /Applications/MAMP/htdocs/f_keeper.ru/vendor/yiisoft/yii2/base/Application.php(380): yii\web\Application->handleRequest(Object(yii\web\Request))
#1 /Applications/MAMP/htdocs/f_keeper.ru/api/web/index.php(18): yii\base\Application->run()
#2 {main}
2017-08-06 20:26:39 [::1][-][-][info][application] $_COOKIE = [
    '_csrf-api' => 'b64184a09f4121991926a235f479ebadba66987c6a37e185205537ae6ed1b53da:2:{i:0;s:9:\"_csrf-api\";i:1;s:32:\"Eb-`wz\\.Oo@\";}'
]

$_SERVER = [
    'REDIRECT_STATUS' => '200'
    'HTTP_HOST' => 'localhost'
    'HTTP_CONNECTION' => 'keep-alive'
    'HTTP_USER_AGENT' => 'Mozilla/5.0 (Macintosh; Intel Mac OS X 10_12_6) AppleWebKit/537.36 (KHTML, like Gecko) Chrome/59.0.3071.115 Safari/537.36'
    'HTTP_ACCEPT' => 'text/css,*/*;q=0.1'
    'HTTP_REFERER' => 'http://localhost/f_keeper.ru/'
    'HTTP_ACCEPT_ENCODING' => 'gzip, deflate, br'
    'HTTP_ACCEPT_LANGUAGE' => 'ru-RU,ru;q=0.8,en-US;q=0.6,en;q=0.4'
    'HTTP_COOKIE' => '_csrf-api=b64184a09f4121991926a235f479ebadba66987c6a37e185205537ae6ed1b53da%3A2%3A%7Bi%3A0%3Bs%3A9%3A%22_csrf-api%22%3Bi%3A1%3Bs%3A32%3A%22%FFE%08%94b%1E%B7%F3%CC-%60%02%A0%DA%8Cwz%BE%94%F2%5C%A7.%F8O%C5%CD%B6%07%1Ao%40%22%3B%7D'
    'PATH' => '/usr/bin:/bin:/usr/sbin:/sbin'
    'SERVER_SIGNATURE' => ''
    'SERVER_SOFTWARE' => 'Apache/2.2.29 (Unix) mod_wsgi/3.5 Python/2.7.10 PHP/5.6.10 mod_ssl/2.2.29 OpenSSL/0.9.8zh DAV/2 mod_fastcgi/2.4.6 mod_perl/2.0.9 Perl/v5.22.0'
    'SERVER_NAME' => 'localhost'
    'SERVER_ADDR' => '::1'
    'SERVER_PORT' => '80'
    'REMOTE_ADDR' => '::1'
    'DOCUMENT_ROOT' => '/Applications/MAMP/htdocs/'
    'SERVER_ADMIN' => 'you@example.com'
    'SCRIPT_FILENAME' => '/Applications/MAMP/htdocs/f_keeper.ru/api/web/index.php'
    'REMOTE_PORT' => '55947'
    'REDIRECT_URL' => '/f_keeper.ru/api/web/css/site.css'
    'GATEWAY_INTERFACE' => 'CGI/1.1'
    'SERVER_PROTOCOL' => 'HTTP/1.1'
    'REQUEST_METHOD' => 'GET'
    'QUERY_STRING' => ''
    'REQUEST_URI' => '/f_keeper.ru/api/web/css/site.css'
    'SCRIPT_NAME' => '/f_keeper.ru/api/web/index.php'
    'PHP_SELF' => '/f_keeper.ru/api/web/index.php'
    'REQUEST_TIME_FLOAT' => 1502040399.02
    'REQUEST_TIME' => 1502040399
    'argv' => []
    'argc' => 0
]
2017-08-06 20:27:23 [::1][-][-][error][yii\web\HttpException:404] exception 'yii\base\InvalidRouteException' with message 'Unable to resolve the request "css/site.css".' in /Applications/MAMP/htdocs/f_keeper.ru/vendor/yiisoft/yii2/base/Module.php:532
Stack trace:
#0 /Applications/MAMP/htdocs/f_keeper.ru/vendor/yiisoft/yii2/web/Application.php(102): yii\base\Module->runAction('css/site.css', Array)
#1 /Applications/MAMP/htdocs/f_keeper.ru/vendor/yiisoft/yii2/base/Application.php(380): yii\web\Application->handleRequest(Object(yii\web\Request))
#2 /Applications/MAMP/htdocs/f_keeper.ru/api/web/index.php(18): yii\base\Application->run()
#3 {main}

Next exception 'yii\web\NotFoundHttpException' with message '  .' in /Applications/MAMP/htdocs/f_keeper.ru/vendor/yiisoft/yii2/web/Application.php:114
Stack trace:
#0 /Applications/MAMP/htdocs/f_keeper.ru/vendor/yiisoft/yii2/base/Application.php(380): yii\web\Application->handleRequest(Object(yii\web\Request))
#1 /Applications/MAMP/htdocs/f_keeper.ru/api/web/index.php(18): yii\base\Application->run()
#2 {main}
2017-08-06 20:27:23 [::1][-][-][info][application] $_COOKIE = [
    '_csrf-api' => 'b64184a09f4121991926a235f479ebadba66987c6a37e185205537ae6ed1b53da:2:{i:0;s:9:\"_csrf-api\";i:1;s:32:\"Eb-`wz\\.Oo@\";}'
]

$_SERVER = [
    'REDIRECT_STATUS' => '200'
    'HTTP_HOST' => 'localhost'
    'HTTP_CONNECTION' => 'keep-alive'
    'HTTP_USER_AGENT' => 'Mozilla/5.0 (Macintosh; Intel Mac OS X 10_12_6) AppleWebKit/537.36 (KHTML, like Gecko) Chrome/59.0.3071.115 Safari/537.36'
    'HTTP_ACCEPT' => 'text/css,*/*;q=0.1'
    'HTTP_REFERER' => 'http://localhost/f_keeper.ru/'
    'HTTP_ACCEPT_ENCODING' => 'gzip, deflate, br'
    'HTTP_ACCEPT_LANGUAGE' => 'ru-RU,ru;q=0.8,en-US;q=0.6,en;q=0.4'
    'HTTP_COOKIE' => '_csrf-api=b64184a09f4121991926a235f479ebadba66987c6a37e185205537ae6ed1b53da%3A2%3A%7Bi%3A0%3Bs%3A9%3A%22_csrf-api%22%3Bi%3A1%3Bs%3A32%3A%22%FFE%08%94b%1E%B7%F3%CC-%60%02%A0%DA%8Cwz%BE%94%F2%5C%A7.%F8O%C5%CD%B6%07%1Ao%40%22%3B%7D'
    'PATH' => '/usr/bin:/bin:/usr/sbin:/sbin'
    'SERVER_SIGNATURE' => ''
    'SERVER_SOFTWARE' => 'Apache/2.2.29 (Unix) mod_wsgi/3.5 Python/2.7.10 PHP/5.6.10 mod_ssl/2.2.29 OpenSSL/0.9.8zh DAV/2 mod_fastcgi/2.4.6 mod_perl/2.0.9 Perl/v5.22.0'
    'SERVER_NAME' => 'localhost'
    'SERVER_ADDR' => '::1'
    'SERVER_PORT' => '80'
    'REMOTE_ADDR' => '::1'
    'DOCUMENT_ROOT' => '/Applications/MAMP/htdocs/'
    'SERVER_ADMIN' => 'you@example.com'
    'SCRIPT_FILENAME' => '/Applications/MAMP/htdocs/f_keeper.ru/api/web/index.php'
    'REMOTE_PORT' => '55974'
    'REDIRECT_URL' => '/f_keeper.ru/api/web/css/site.css'
    'GATEWAY_INTERFACE' => 'CGI/1.1'
    'SERVER_PROTOCOL' => 'HTTP/1.1'
    'REQUEST_METHOD' => 'GET'
    'QUERY_STRING' => ''
    'REQUEST_URI' => '/f_keeper.ru/api/web/css/site.css'
    'SCRIPT_NAME' => '/f_keeper.ru/api/web/index.php'
    'PHP_SELF' => '/f_keeper.ru/api/web/index.php'
    'REQUEST_TIME_FLOAT' => 1502040443.02
    'REQUEST_TIME' => 1502040443
    'argv' => []
    'argc' => 0
]
